[debug] [2023-04-10T16:06:08.570Z] ----------------------------------------------------------------------
[debug] [2023-04-10T16:06:08.578Z] Command:       C:\Program Files\nodejs\node.exe C:\Users\ASUS\AppData\Roaming\npm\node_modules\firebase-tools\lib\bin\firebase.js init
[debug] [2023-04-10T16:06:08.578Z] CLI Version:   11.25.2
[debug] [2023-04-10T16:06:08.579Z] Platform:      win32
[debug] [2023-04-10T16:06:08.579Z] Node Version:  v19.1.0
[debug] [2023-04-10T16:06:08.579Z] Time:          Mon Apr 10 2023 18:06:08 GMT+0200 (Central European Summer Time)
[debug] [2023-04-10T16:06:08.580Z] ----------------------------------------------------------------------
[debug] 
[debug] [2023-04-10T16:06:08.600Z] > command requires scopes: ["email","openid","https://www.googleapis.com/auth/cloudplatformprojects.readonly","https://www.googleapis.com/auth/firebase","https://www.googleapis.com/auth/cloud-platform"]
[debug] [2023-04-10T16:06:08.601Z] > authorizing via signed-in user (ayshamohd01@gmail.com)
[info] 
     ######## #### ########  ######## ########     ###     ######  ########
     ##        ##  ##     ## ##       ##     ##  ##   ##  ##       ##
     ######    ##  ########  ######   ########  #########  ######  ######
     ##        ##  ##    ##  ##       ##     ## ##     ##       ## ##
     ##       #### ##     ## ######## ########  ##     ##  ######  ########

You're about to initialize a Firebase project in this directory:

  C:\Users\ASUS\Documents\GitHub\firebase-project

[info] 
=== Project Setup
[info] 
[info] First, let's associate this project directory with a Firebase project.
[info] You can create multiple project aliases by running firebase use --add, 
[info] but for now we'll just set up a default project.
[info] 
[debug] [2023-04-10T16:07:13.548Z] >>> [apiv2][query] GET https://firebase.googleapis.com/v1beta1/projects pageSize=100
[debug] [2023-04-10T16:07:14.208Z] <<< [apiv2][status] GET https://firebase.googleapis.com/v1beta1/projects 200
[debug] [2023-04-10T16:07:14.209Z] <<< [apiv2][body] GET https://firebase.googleapis.com/v1beta1/projects [omitted]
[info] i  Using project fir-project-2a8cb (firebase-project) 
[info] 
=== Hosting Setup
[info] 
[info] Your public directory is the folder (relative to your project directory) that
[info] will contain Hosting assets to be uploaded with firebase deploy. If you
[info] have a build process for your assets, use your build's output directory.
[info] 
[info] +  Wrote public/404.html 
[debug] [2023-04-10T16:08:47.150Z] >>> [apiv2][query] GET https://www.gstatic.com/firebasejs/releases.json [none]
[debug] [2023-04-10T16:08:47.247Z] <<< [apiv2][status] GET https://www.gstatic.com/firebasejs/releases.json 200
[debug] [2023-04-10T16:08:47.248Z] <<< [apiv2][body] GET https://www.gstatic.com/firebasejs/releases.json {"current":{"version":"9.19.1","browserURL":"https://www.gstatic.com/firebasejs/9.19.1/firebase.js","packageURL":"https://www.gstatic.com/firebasejs/9.19.1/firebase.tgz"},"live":{"version":"9.19","browserURL":"https://www.gstatic.com/firebasejs/live/9.19/firebase.js","packageURL":"https://www.gstatic.com/firebasejs/live/9.19/firebase.tgz"},"components":{"analytics":"https://www.gstatic.com/firebasejs/9.19.1/firebase-analytics.js","app":"https://www.gstatic.com/firebasejs/9.19.1/firebase-app.js","app-check":"https://www.gstatic.com/firebasejs/9.19.1/firebase-app-check.js","auth":"https://www.gstatic.com/firebasejs/9.19.1/firebase-auth.js","auth/cordova":"https://www.gstatic.com/firebasejs/9.19.1/firebase-auth/cordova.js","auth/react-native":"https://www.gstatic.com/firebasejs/9.19.1/firebase-auth/react-native.js","functions":"https://www.gstatic.com/firebasejs/9.19.1/firebase-functions.js","firestore":"https://www.gstatic.com/firebasejs/9.19.1/firebase-firestore.js","firestore/lite":"https://www.gstatic.com/firebasejs/9.19.1/firebase-firestore/lite.js","installations":"https://www.gstatic.com/firebasejs/9.19.1/firebase-installations.js","storage":"https://www.gstatic.com/firebasejs/9.19.1/firebase-storage.js","performance":"https://www.gstatic.com/firebasejs/9.19.1/firebase-performance.js","remote-config":"https://www.gstatic.com/firebasejs/9.19.1/firebase-remote-config.js","messaging":"https://www.gstatic.com/firebasejs/9.19.1/firebase-messaging.js","messaging/sw":"https://www.gstatic.com/firebasejs/9.19.1/firebase-messaging/sw.js","database":"https://www.gstatic.com/firebasejs/9.19.1/firebase-database.js","firestore.memory":"https://www.gstatic.com/firebasejs/9.19.1/firebase-firestore.memory.js"}}
[info] i  Skipping write of public/index.html 
[info] 
[info] i  Detected a .git folder at C:\Users\ASUS\Documents\GitHub\firebase-project 
[info] i  Authorizing with GitHub to upload your service account to a GitHub repository's secrets store. 
[info] 
[info] Visit this URL on this device to log in:
[info] https://github.com/login/oauth/authorize?client_id=89cf50f02ac6aaed3484&state=773029454&redirect_uri=http%3A%2F%2Flocalhost%3A9005&scope=read%3Auser%20repo%20public_repo
[info] 
[info] Waiting for authentication...
[debug] [2023-04-10T16:10:01.201Z] >>> [apiv2][query] POST https://github.com/login/oauth/access_token [none]
[debug] [2023-04-10T16:10:01.202Z] >>> [apiv2][body] POST https://github.com/login/oauth/access_token [stream]
[debug] [2023-04-10T16:10:01.625Z] <<< [apiv2][status] POST https://github.com/login/oauth/access_token 200
[debug] [2023-04-10T16:10:01.625Z] <<< [apiv2][body] POST https://github.com/login/oauth/access_token {"access_token":"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","token_type":"bearer","scope":"read:user,repo"}
[debug] [2023-04-10T16:10:01.643Z] >>> [apiv2][query] GET https://api.github.com/user [none]
[debug] [2023-04-10T16:10:01.924Z] <<< [apiv2][status] GET https://api.github.com/user 200
[debug] [2023-04-10T16:10:01.926Z] <<< [apiv2][body] GET https://api.github.com/user {"login":"Aysha-Mohamed","id":42186490,"node_id":"MDQ6VXNlcjQyMTg2NDkw","avatar_url":"https://avatars.githubusercontent.com/u/42186490?v=4","gravatar_id":"","url":"https://api.github.com/users/Aysha-Mohamed","html_url":"https://github.com/Aysha-Mohamed","followers_url":"https://api.github.com/users/Aysha-Mohamed/followers","following_url":"https://api.github.com/users/Aysha-Mohamed/following{/other_user}","gists_url":"https://api.github.com/users/Aysha-Mohamed/gists{/gist_id}","starred_url":"https://api.github.com/users/Aysha-Mohamed/starred{/owner}{/repo}","subscriptions_url":"https://api.github.com/users/Aysha-Mohamed/subscriptions","organizations_url":"https://api.github.com/users/Aysha-Mohamed/orgs","repos_url":"https://api.github.com/users/Aysha-Mohamed/repos","events_url":"https://api.github.com/users/Aysha-Mohamed/events{/privacy}","received_events_url":"https://api.github.com/users/Aysha-Mohamed/received_events","type":"User","site_admin":false,"name":"Aysha","company":null,"blog":"","location":"Helsingborg, Sweden","email":null,"hireable":true,"bio":"Frontend Developer","twitter_username":null,"public_repos":21,"public_gists":0,"followers":0,"following":0,"created_at":"2018-08-07T18:43:32Z","updated_at":"2023-03-29T11:34:05Z","private_gists":0,"total_private_repos":0,"owned_private_repos":0,"disk_usage":99444,"collaborators":0,"two_factor_authentication":false,"plan":{"name":"free","space":976562499,"collaborators":0,"private_repos":10000}}
[info] 
[info] +  Success! Logged into GitHub as Aysha-Mohamed 
[info] 
